<?xml version="1.0" encoding="UTF-8"?>
<!-- Generated by org.testng.reporters.JUnitReportReporter -->
<testsuite skipped="0" hostname="DESKTOP-LAO6R8V" name="com.nopcommerce.demo.testsuite.ComputerPageTest" tests="1" failures="0" timestamp="2022-12-13T12:18:31 GMT" time="22.320" errors="0">
  <testcase name="verifyProductAddedToShoppingCartSuccessfully" time="22.320" classname="com.nopcommerce.demo.testsuite.ComputerPageTest"/>
  <system-out>
    <![CDATA[click on Computer tab[[ChromeDriver: chrome on WINDOWS (5cc80ea10213584e419419bf0c4c3bdc)] -> xpath: //body/div[6]/div[2]/ul[1]/li[1]/a[1]]
Click onDesktop [[ChromeDriver: chrome on WINDOWS (5cc80ea10213584e419419bf0c4c3bdc)] -> xpath: /html[1]/body[1]/div[6]/div[3]/div[1]/div[2]/div[1]/div[2]/ul[1]/li[1]/ul[1]/li[1]/a[1]]
Select option Z to A[[ChromeDriver: chrome on WINDOWS (5cc80ea10213584e419419bf0c4c3bdc)] -> id: products-orderby]
Click onAdd to cart button [[ChromeDriver: chrome on WINDOWS (5cc80ea10213584e419419bf0c4c3bdc)] -> xpath: /html[1]/body[1]/div[6]/div[3]/div[1]/div[3]/div[1]/div[2]/div[2]/div[2]/div[1]/div[1]/div[1]/div[1]/div[2]/div[3]/div[2]/button[1]]
Verify Text build your own computer[[ChromeDriver: chrome on WINDOWS (5cc80ea10213584e419419bf0c4c3bdc)] -> xpath: //h1[contains(text(),'Build your own computer')]]
Select processor [[ChromeDriver: chrome on WINDOWS (5cc80ea10213584e419419bf0c4c3bdc)] -> xpath: //dd[@id='product_attribute_input_1']//option[2]]
Select ram [[ChromeDriver: chrome on WINDOWS (5cc80ea10213584e419419bf0c4c3bdc)] -> xpath: //select[@data-attr ='2']]
Select 8GB [[ChromeDriver: chrome on WINDOWS (5cc80ea10213584e419419bf0c4c3bdc)] -> xpath: //option[@data-attr-value ='5']]
Select HDD Radio Button [[ChromeDriver: chrome on WINDOWS (5cc80ea10213584e419419bf0c4c3bdc)] -> xpath: //label[@for ='product_attribute_3_7']]
Select OS radio vista premium button [[ChromeDriver: chrome on WINDOWS (5cc80ea10213584e419419bf0c4c3bdc)] -> xpath: //input[@id ='product_attribute_4_9']]
 Select totla commander checkbox[[ChromeDriver: chrome on WINDOWS (5cc80ea10213584e419419bf0c4c3bdc)] -> xpath: //input[@id ='product_attribute_5_12']]
Click on add to cart button [[ChromeDriver: chrome on WINDOWS (5cc80ea10213584e419419bf0c4c3bdc)] -> xpath: //button[@id ='add-to-cart-button-1']]
Close message button [[ChromeDriver: chrome on WINDOWS (5cc80ea10213584e419419bf0c4c3bdc)] -> xpath: //span[@class='close']]
Mouse hover on shopping cart[[ChromeDriver: chrome on WINDOWS (5cc80ea10213584e419419bf0c4c3bdc)] -> xpath: //span[contains(text(),'Shopping cart')]]
Click on go to cart [[ChromeDriver: chrome on WINDOWS (5cc80ea10213584e419419bf0c4c3bdc)] -> xpath: //button[@id ='add-to-cart-button-1']]
Clear text in quantity field [[ChromeDriver: chrome on WINDOWS (5cc80ea10213584e419419bf0c4c3bdc)] -> xpath: //input[@value='1']]
Send text to quantity [[ChromeDriver: chrome on WINDOWS (5cc80ea10213584e419419bf0c4c3bdc)] -> xpath: //input[@value='1']]
Click on update shopping cart [[ChromeDriver: chrome on WINDOWS (5cc80ea10213584e419419bf0c4c3bdc)] -> xpath: //button[@id='updatecart']]
Verify total[[ChromeDriver: chrome on WINDOWS (5cc80ea10213584e419419bf0c4c3bdc)] -> xpath: //tbody/tr[1]/td[6]/span[1]]
click On CheckBox I agree with terms and condition[[ChromeDriver: chrome on WINDOWS (5cc80ea10213584e419419bf0c4c3bdc)] -> xpath: //input[@id='termsofservice']]
Click on check box [[ChromeDriver: chrome on WINDOWS (5cc80ea10213584e419419bf0c4c3bdc)] -> xpath: //input[@id='termsofservice']]
Wel come text [[ChromeDriver: chrome on WINDOWS (5cc80ea10213584e419419bf0c4c3bdc)] -> xpath: //h1[contains(text(),'Welcome, Please Sign In!')]]
Click on checkout as guest [[ChromeDriver: chrome on WINDOWS (5cc80ea10213584e419419bf0c4c3bdc)] -> xpath: //button[contains(text(),'Checkout as Guest')]]
Enter first name [[ChromeDriver: chrome on WINDOWS (5cc80ea10213584e419419bf0c4c3bdc)] -> id: BillingNewAddress_FirstName]
Enter last name [[ChromeDriver: chrome on WINDOWS (5cc80ea10213584e419419bf0c4c3bdc)] -> id: BillingNewAddress_LastName]
Enter email [[ChromeDriver: chrome on WINDOWS (5cc80ea10213584e419419bf0c4c3bdc)] -> id: BillingNewAddress_Email]
Enter company name [[ChromeDriver: chrome on WINDOWS (5cc80ea10213584e419419bf0c4c3bdc)] -> id: BillingNewAddress_Company]
Select country [[ChromeDriver: chrome on WINDOWS (5cc80ea10213584e419419bf0c4c3bdc)] -> xpath: //select[@id='BillingNewAddress_CountryId']]
Enter city name [[ChromeDriver: chrome on WINDOWS (5cc80ea10213584e419419bf0c4c3bdc)] -> xpath: //input[@id='BillingNewAddress_City']]
Enter address [[ChromeDriver: chrome on WINDOWS (5cc80ea10213584e419419bf0c4c3bdc)] -> css selector: #BillingNewAddress_Address1]
Enter address
Enter post code [[ChromeDriver: chrome on WINDOWS (5cc80ea10213584e419419bf0c4c3bdc)] -> xpath: //input[@id='BillingNewAddress_ZipPostalCode']]
Enter phone number [[ChromeDriver: chrome on WINDOWS (5cc80ea10213584e419419bf0c4c3bdc)] -> xpath: //input[@id='BillingNewAddress_PhoneNumber']]
Click on continue [[ChromeDriver: chrome on WINDOWS (5cc80ea10213584e419419bf0c4c3bdc)] -> xpath: //body/div[6]/div[3]/div[1]/div[1]/div[1]/div[2]/ol[1]/li[1]/div[2]/div[1]/button[4]]
Click on next day air[[ChromeDriver: chrome on WINDOWS (5cc80ea10213584e419419bf0c4c3bdc)] -> xpath: //input[@id='shippingoption_1']]
Click on continue
Click on credit card[[ChromeDriver: chrome on WINDOWS (5cc80ea10213584e419419bf0c4c3bdc)] -> xpath: //input[@id='paymentmethod_1']]
Click on continue
Select master card [[ChromeDriver: chrome on WINDOWS (5cc80ea10213584e419419bf0c4c3bdc)] -> id: CreditCardType]
Enter card holder name [[ChromeDriver: chrome on WINDOWS (5cc80ea10213584e419419bf0c4c3bdc)] -> id: CardholderName]
Enter card number[[ChromeDriver: chrome on WINDOWS (5cc80ea10213584e419419bf0c4c3bdc)] -> id: CardNumber]
Enter card code [[ChromeDriver: chrome on WINDOWS (5cc80ea10213584e419419bf0c4c3bdc)] -> id: CardCode]
Select month and year for credit card expire 
Click on continue [[ChromeDriver: chrome on WINDOWS (5cc80ea10213584e419419bf0c4c3bdc)] -> xpath: //button[@class='button-1 payment-info-next-step-button']]
Credit card text [[ChromeDriver: chrome on WINDOWS (5cc80ea10213584e419419bf0c4c3bdc)] -> xpath: //li[@class='payment-method']/span[2]]
Next day air text[[ChromeDriver: chrome on WINDOWS (5cc80ea10213584e419419bf0c4c3bdc)] -> xpath: //li[@class='shipping-method']//span[2]]
Total amount message[[ChromeDriver: chrome on WINDOWS (5cc80ea10213584e419419bf0c4c3bdc)] -> xpath: //tr[@class='order-total']/td[2]/span/strong]
Click on conform button [[ChromeDriver: chrome on WINDOWS (5cc80ea10213584e419419bf0c4c3bdc)] -> xpath: //button[@class='button-1 confirm-order-next-step-button']]
Thank you message[[ChromeDriver: chrome on WINDOWS (5cc80ea10213584e419419bf0c4c3bdc)] -> xpath: //h1[contains(text(),'Thank you')]]
Your order message [[ChromeDriver: chrome on WINDOWS (5cc80ea10213584e419419bf0c4c3bdc)] -> xpath: //strong[contains(text(),'Your order has been successfully processed!')]]
Click on continue button [[ChromeDriver: chrome on WINDOWS (5cc80ea10213584e419419bf0c4c3bdc)] -> css selector: div.master-wrapper-page:nth-child(6) div.master-wrapper-content div.master-column-wrapper div.center-1 div.page.checkout-page.order-completed-page div.page-body.checkout-data div.section.order-completed div.buttons > button.button-1.order-completed-continue-button]
 Final message [[ChromeDriver: chrome on WINDOWS (5cc80ea10213584e419419bf0c4c3bdc)] -> xpath: //h2[contains(text(),'Welcome to our store')]]]]>
  </system-out>
</testsuite> <!-- com.nopcommerce.demo.testsuite.ComputerPageTest -->
