<?xml version="1.0" encoding="UTF-8"?>
<!-- Generated by org.testng.reporters.JUnitReportReporter -->
<testsuite skipped="0" hostname="DESKTOP-LAO6R8V" name="com.nopcommerce.demo.testsuite.ElectronicsPageTest" tests="2" failures="0" timestamp="2022-12-13T12:18:31 GMT" time="30.811" errors="0">
  <testcase name="verifyThatProductAddedSuccessfullyAndPlaceOrderSucceessfully" time="26.495" classname="com.nopcommerce.demo.testsuite.ElectronicsPageTest"/>
  <system-out>
    <![CDATA[Mouse hover on electrinics [[ChromeDriver: chrome on WINDOWS (b65e3c0b416ea0d3e8465c6b2a2f657f)] -> xpath: //body/div[6]/div[2]/ul[1]/li[2]/a[1]]
Mouse hover on cells phones and click [[ChromeDriver: chrome on WINDOWS (b65e3c0b416ea0d3e8465c6b2a2f657f)] -> xpath: //body/div[6]/div[2]/ul[1]/li[2]/ul[1]/li[2]/a[1]]
click on vista[[ChromeDriver: chrome on WINDOWS (b65e3c0b416ea0d3e8465c6b2a2f657f)] -> xpath: //a[contains(text(),'List')]]
click on nokia lumia 1020[[ChromeDriver: chrome on WINDOWS (b65e3c0b416ea0d3e8465c6b2a2f657f)] -> xpath: //body/div[6]/div[3]/div[1]/div[3]/div[1]/div[2]/div[2]/div[2]/div[1]/div[1]/div[3]/div[1]/div[2]/h2[1]/a[1]]
Get nokia lumia 1020 text
Verify price $349 [[ChromeDriver: chrome on WINDOWS (b65e3c0b416ea0d3e8465c6b2a2f657f)] -> xpath: //span[@id='price-value-20']]
Add quantity 2[[ChromeDriver: chrome on WINDOWS (b65e3c0b416ea0d3e8465c6b2a2f657f)] -> css selector: #product_enteredQuantity_20]
Click on add to cart button [[ChromeDriver: chrome on WINDOWS (b65e3c0b416ea0d3e8465c6b2a2f657f)] -> xpath: //button[@id='add-to-cart-button-20']]
Close the mesage[[ChromeDriver: chrome on WINDOWS (b65e3c0b416ea0d3e8465c6b2a2f657f)] -> xpath: //span[@class='close']]
Mouse hover on shopping cart [[ChromeDriver: chrome on WINDOWS (b65e3c0b416ea0d3e8465c6b2a2f657f)] -> xpath: //a[@href='/cart'and@class='ico-cart']]
click on go to cart[[ChromeDriver: chrome on WINDOWS (b65e3c0b416ea0d3e8465c6b2a2f657f)] -> xpath: //button[contains(text(),'Go to cart')]]
Verify text shopping cart [[ChromeDriver: chrome on WINDOWS (b65e3c0b416ea0d3e8465c6b2a2f657f)] -> xpath: //h1[contains(text(),'Shopping cart')]]
Verify quantity 2[[ChromeDriver: chrome on WINDOWS (b65e3c0b416ea0d3e8465c6b2a2f657f)] -> xpath: //span[contains(text(),'(2)')]]
Verify total $698[[ChromeDriver: chrome on WINDOWS (b65e3c0b416ea0d3e8465c6b2a2f657f)] -> xpath: //table[@class='cart-total']/tbody/tr[4]/td[2]]
Click on terms of service [[ChromeDriver: chrome on WINDOWS (b65e3c0b416ea0d3e8465c6b2a2f657f)] -> id: termsofservice]
Click on check out button [[ChromeDriver: chrome on WINDOWS (b65e3c0b416ea0d3e8465c6b2a2f657f)] -> xpath: //button[@id='checkout']]
Verify sign in text [[ChromeDriver: chrome on WINDOWS (b65e3c0b416ea0d3e8465c6b2a2f657f)] -> xpath: //div[@class='page-title']/h1]
Click on register [[ChromeDriver: chrome on WINDOWS (b65e3c0b416ea0d3e8465c6b2a2f657f)] -> xpath: //a[contains(text(),'Register')]]
Verify register text [[ChromeDriver: chrome on WINDOWS (b65e3c0b416ea0d3e8465c6b2a2f657f)] -> xpath: //h1[contains(text(),'Register')]]
Select gender[[ChromeDriver: chrome on WINDOWS (b65e3c0b416ea0d3e8465c6b2a2f657f)] -> id: gender-female]
Enter first name [[ChromeDriver: chrome on WINDOWS (b65e3c0b416ea0d3e8465c6b2a2f657f)] -> id: FirstName]
Enter last name [[ChromeDriver: chrome on WINDOWS (b65e3c0b416ea0d3e8465c6b2a2f657f)] -> id: LastName]
Enter birth date [[ChromeDriver: chrome on WINDOWS (b65e3c0b416ea0d3e8465c6b2a2f657f)] -> xpath: //select[@name='DateOfBirthDay']]
Enter birth month [[ChromeDriver: chrome on WINDOWS (b65e3c0b416ea0d3e8465c6b2a2f657f)] -> xpath: //select[@name='DateOfBirthMonth']]
Enter birth year [[ChromeDriver: chrome on WINDOWS (b65e3c0b416ea0d3e8465c6b2a2f657f)] -> xpath: //select[@name='DateOfBirthYear']]
Enter email [[ChromeDriver: chrome on WINDOWS (b65e3c0b416ea0d3e8465c6b2a2f657f)] -> xpath: //input[@id='Email']]
Enter company name Prime
Enter password [[ChromeDriver: chrome on WINDOWS (b65e3c0b416ea0d3e8465c6b2a2f657f)] -> xpath: //input[@id='Password']]
Conform password[[ChromeDriver: chrome on WINDOWS (b65e3c0b416ea0d3e8465c6b2a2f657f)] -> xpath: //input[@id='ConfirmPassword']]
Click on register button [[ChromeDriver: chrome on WINDOWS (b65e3c0b416ea0d3e8465c6b2a2f657f)] -> xpath: //button[@id='register-button']]
Verify registration message [[ChromeDriver: chrome on WINDOWS (b65e3c0b416ea0d3e8465c6b2a2f657f)] -> xpath: //div[contains(text(),'Your registration completed')]]
click on continue [[ChromeDriver: chrome on WINDOWS (b65e3c0b416ea0d3e8465c6b2a2f657f)] -> xpath: //a[contains(text(),'Continue')]]
Verify message [[ChromeDriver: chrome on WINDOWS (b65e3c0b416ea0d3e8465c6b2a2f657f)] -> xpath: //h1[contains(text(),'Shopping cart')]]
Click on terms of services [[ChromeDriver: chrome on WINDOWS (b65e3c0b416ea0d3e8465c6b2a2f657f)] -> xpath: //input[@id='termsofservice'and@type='checkbox']]
Click on chechout [[ChromeDriver: chrome on WINDOWS (b65e3c0b416ea0d3e8465c6b2a2f657f)] -> id: checkout]
Select country[[ChromeDriver: chrome on WINDOWS (b65e3c0b416ea0d3e8465c6b2a2f657f)] -> id: BillingNewAddress_CountryId]
enter city [[ChromeDriver: chrome on WINDOWS (b65e3c0b416ea0d3e8465c6b2a2f657f)] -> id: BillingNewAddress_City]
Enter address [[ChromeDriver: chrome on WINDOWS (b65e3c0b416ea0d3e8465c6b2a2f657f)] -> id: BillingNewAddress_Address1]
Enter address [[ChromeDriver: chrome on WINDOWS (b65e3c0b416ea0d3e8465c6b2a2f657f)] -> id: BillingNewAddress_Address2]
Enter zipcode [[ChromeDriver: chrome on WINDOWS (b65e3c0b416ea0d3e8465c6b2a2f657f)] -> id: BillingNewAddress_ZipPostalCode]
Enter phone number [[ChromeDriver: chrome on WINDOWS (b65e3c0b416ea0d3e8465c6b2a2f657f)] -> id: BillingNewAddress_PhoneNumber]
Enter fax number [[ChromeDriver: chrome on WINDOWS (b65e3c0b416ea0d3e8465c6b2a2f657f)] -> id: BillingNewAddress_FaxNumber]
click on continue [[ChromeDriver: chrome on WINDOWS (b65e3c0b416ea0d3e8465c6b2a2f657f)] -> name: save]
click on 2nd day air[[ChromeDriver: chrome on WINDOWS (b65e3c0b416ea0d3e8465c6b2a2f657f)] -> id: shippingoption_2]
Click on continue [[ChromeDriver: chrome on WINDOWS (b65e3c0b416ea0d3e8465c6b2a2f657f)] -> xpath: //button[@class='button-1 shipping-method-next-step-button']]
Select credit card radio button [[ChromeDriver: chrome on WINDOWS (b65e3c0b416ea0d3e8465c6b2a2f657f)] -> id: paymentmethod_1]
Click on continue[[ChromeDriver: chrome on WINDOWS (b65e3c0b416ea0d3e8465c6b2a2f657f)] -> xpath: //button[@class='button-1 payment-method-next-step-button']]
Select visa[[ChromeDriver: chrome on WINDOWS (b65e3c0b416ea0d3e8465c6b2a2f657f)] -> id: CreditCardType]
Enter card holder name [[ChromeDriver: chrome on WINDOWS (b65e3c0b416ea0d3e8465c6b2a2f657f)] -> id: CardholderName]
Enter card number [[ChromeDriver: chrome on WINDOWS (b65e3c0b416ea0d3e8465c6b2a2f657f)] -> id: CardNumber]
Select expire month[[ChromeDriver: chrome on WINDOWS (b65e3c0b416ea0d3e8465c6b2a2f657f)] -> id: ExpireMonth]
Select expire year[[ChromeDriver: chrome on WINDOWS (b65e3c0b416ea0d3e8465c6b2a2f657f)] -> id: ExpireYear]
Enter card code [[ChromeDriver: chrome on WINDOWS (b65e3c0b416ea0d3e8465c6b2a2f657f)] -> id: CardCode]
click on continue [[ChromeDriver: chrome on WINDOWS (b65e3c0b416ea0d3e8465c6b2a2f657f)] -> xpath: //button[@class='button-1 payment-info-next-step-button']]
verify text credit card[[ChromeDriver: chrome on WINDOWS (b65e3c0b416ea0d3e8465c6b2a2f657f)] -> xpath: //li[@class='payment-method']/span[2]]
Verify text 2nd day air[[ChromeDriver: chrome on WINDOWS (b65e3c0b416ea0d3e8465c6b2a2f657f)] -> xpath: //li[@class='shipping-method']/span[2]]
verify text 698[[ChromeDriver: chrome on WINDOWS (b65e3c0b416ea0d3e8465c6b2a2f657f)] -> xpath: //tr[@class='order-total']/td[2]/span/strong]
click on conform[[ChromeDriver: chrome on WINDOWS (b65e3c0b416ea0d3e8465c6b2a2f657f)] -> xpath: //button[@class='button-1 confirm-order-next-step-button']]
Verify thank you text [[ChromeDriver: chrome on WINDOWS (b65e3c0b416ea0d3e8465c6b2a2f657f)] -> xpath: //h1[contains(text(),'Thank you')]]
Verify message [[ChromeDriver: chrome on WINDOWS (b65e3c0b416ea0d3e8465c6b2a2f657f)] -> xpath: //strong[contains(text(),'Your order has been successfully processed!')]]
click on continue [[ChromeDriver: chrome on WINDOWS (b65e3c0b416ea0d3e8465c6b2a2f657f)] -> xpath: //button[@class='button-1 order-completed-continue-button']]
Verify message [[ChromeDriver: chrome on WINDOWS (b65e3c0b416ea0d3e8465c6b2a2f657f)] -> xpath: //h2[contains(text(),'Welcome to our store')]]]]>
  </system-out>
  <testcase name="verifyUserShouldNavigateToCellPhonesPageSuccessfully" time="4.316" classname="com.nopcommerce.demo.testsuite.ElectronicsPageTest"/>
  <system-out>
    <![CDATA[Mouse hover on electrinics [[ChromeDriver: chrome on WINDOWS (c4dc5af760fd6676b4396f71197513b5)] -> xpath: //body/div[6]/div[2]/ul[1]/li[2]/a[1]]
Mouse hover on cells phones and click [[ChromeDriver: chrome on WINDOWS (c4dc5af760fd6676b4396f71197513b5)] -> xpath: //body/div[6]/div[2]/ul[1]/li[2]/ul[1]/li[2]/a[1]]]]>
  </system-out>
</testsuite> <!-- com.nopcommerce.demo.testsuite.ElectronicsPageTest -->
